<?xml version="1.0" encoding="UTF-8"?>
<!-- Generated by org.testng.reporters.JUnitXMLReporter -->
<testsuite hostname="DESKTOP-EGIDHPE" ignored="1" name="Surefire test" tests="4" failures="0" timestamp="2020-03-26T14:21:35 GMT" time="60.911" errors="0">
  <testcase name="UserShouldBeAbleToSortProductHighToLowByPrice" time="8.403" classname="org.example.TestSuit"/>
  <testcase name="nonRegisterUserShouldNotBeAbleToReferAProductToAFriend" time="10.331" classname="org.example.TestSuit"/>
  <testcase name="userShouldAbleToCompareTwoProducts" time="14.311" classname="org.example.TestSuit"/>
  <testcase name="userShouldAbleToRegisterSuccessfully" time="21.982" classname="org.example.TestSuit"/>
  <testcase name="@BeforeTest openBrowser" time="0.0" classname="org.example.BaseTest">
    <ignored/>
  </testcase> <!-- @BeforeTest openBrowser -->
</testsuite> <!-- Surefire test -->
