<?xml version="1.0" encoding="UTF-8"?>
<testng-results skipped="0" failed="0" ignored="1" total="5" passed="4">
  <reporter-output>
  </reporter-output>
  <suite name="Surefire suite" duration-ms="60911" started-at="2020-03-26T14:20:34 GMT" finished-at="2020-03-26T14:21:35 GMT">
    <groups>
    </groups>
    <test name="Surefire test" duration-ms="60911" started-at="2020-03-26T14:20:34 GMT" finished-at="2020-03-26T14:21:35 GMT">
      <class name="org.example.BaseTest">
        <test-method status="PASS" signature="openBrowser()[pri:0, instance:org.example.BaseTest@6325a3ee]" name="openBrowser" is-config="true" duration-ms="5845" started-at="2020-03-26T14:20:34 GMT" finished-at="2020-03-26T14:20:40 GMT">
          <reporter-output>
          </reporter-output>
        </test-method> <!-- openBrowser -->
      </class> <!-- org.example.BaseTest -->
      <class name="org.example.TestSuit">
        <test-method status="PASS" signature="UserShouldBeAbleToSortProductHighToLowByPrice()[pri:0, instance:org.example.TestSuit@1d16f93d]" name="UserShouldBeAbleToSortProductHighToLowByPrice" duration-ms="8403" started-at="2020-03-26T14:20:40 GMT" finished-at="2020-03-26T14:20:48 GMT">
          <reporter-output>
          </reporter-output>
        </test-method> <!-- UserShouldBeAbleToSortProductHighToLowByPrice -->
        <test-method status="PASS" signature="nonRegisterUserShouldNotBeAbleToReferAProductToAFriend()[pri:0, instance:org.example.TestSuit@1d16f93d]" name="nonRegisterUserShouldNotBeAbleToReferAProductToAFriend" duration-ms="10331" started-at="2020-03-26T14:20:48 GMT" finished-at="2020-03-26T14:20:58 GMT">
          <reporter-output>
          </reporter-output>
        </test-method> <!-- nonRegisterUserShouldNotBeAbleToReferAProductToAFriend -->
        <test-method status="PASS" signature="userShouldAbleToCompareTwoProducts()[pri:0, instance:org.example.TestSuit@1d16f93d]" name="userShouldAbleToCompareTwoProducts" duration-ms="14311" started-at="2020-03-26T14:20:58 GMT" finished-at="2020-03-26T14:21:13 GMT">
          <reporter-output>
          </reporter-output>
        </test-method> <!-- userShouldAbleToCompareTwoProducts -->
        <test-method status="PASS" signature="userShouldAbleToRegisterSuccessfully()[pri:0, instance:org.example.TestSuit@1d16f93d]" name="userShouldAbleToRegisterSuccessfully" duration-ms="21982" started-at="2020-03-26T14:21:13 GMT" finished-at="2020-03-26T14:21:35 GMT">
          <reporter-output>
          </reporter-output>
        </test-method> <!-- userShouldAbleToRegisterSuccessfully -->
      </class> <!-- org.example.TestSuit -->
    </test> <!-- Surefire test -->
  </suite> <!-- Surefire suite -->
</testng-results>
